
 *** Break *** segmentation violation



===========================================================
There was a crash.
This is the entire stack trace of all threads:
===========================================================
#0  0x00001482dddd82d7 in __GI___waitpid (pid=3646854, stat_loc=stat_loc
entry=0x7ffc498f95d8, options=options
entry=0) at ../sysdeps/unix/sysv/linux/waitpid.c:30
#1  0x00001482ddd5670f in do_system (line=<optimized out>) at ../sysdeps/posix/system.c:149
#2  0x00001482dfbe7b23 in TUnixSystem::StackTrace() () from /cvmfs/eel.gsi.de/debian10-x86_64/root/624-04/lib/libCore.so
#3  0x00001482dfbea405 in TUnixSystem::DispatchSignals(ESignals) () from /cvmfs/eel.gsi.de/debian10-x86_64/root/624-04/lib/libCore.so
#4  <signal handler called>
#5  0x00001482d9dabe74 in TClingBaseClassInfo::IsValid() const () from /cvmfs/eel.gsi.de/debian10-x86_64/root/624-04/lib/libCling.so
#6  0x00001482d9dabff9 in TClingBaseClassInfo::TmpltName() const () from /cvmfs/eel.gsi.de/debian10-x86_64/root/624-04/lib/libCling.so
#7  0x00001482dfb7f85a in TBaseClass::IsSTLContainer() () from /cvmfs/eel.gsi.de/debian10-x86_64/root/624-04/lib/libCore.so
#8  0x00001482dfb90934 in TClass::BuildRealData(void*, bool) () from /cvmfs/eel.gsi.de/debian10-x86_64/root/624-04/lib/libCore.so
#9  0x00001482dfb90958 in TClass::BuildRealData(void*, bool) () from /cvmfs/eel.gsi.de/debian10-x86_64/root/624-04/lib/libCore.so
#10 0x00001482df5fa40d in TBufferFile::WriteClassBuffer(TClass const*, void*) () from /cvmfs/eel.gsi.de/debian10-x86_64/root/624-04/lib/libRIO.so
#11 0x00001482df698ddc in TKey::TKey(TObject const*, char const*, int, TDirectory*) () from /cvmfs/eel.gsi.de/debian10-x86_64/root/624-04/lib/libRIO.so
#12 0x00001482df658705 in TFile::CreateKey(TDirectory*, TObject const*, char const*, int) () from /cvmfs/eel.gsi.de/debian10-x86_64/root/624-04/lib/libRIO.so
#13 0x00001482df649c28 in TDirectoryFile::WriteTObject(TObject const*, char const*, char const*, int) () from /cvmfs/eel.gsi.de/debian10-x86_64/root/624-04/lib/libRIO.so
#14 0x00001482dfad9298 in TObject::Write(char const*, int, int) const () from /cvmfs/eel.gsi.de/debian10-x86_64/root/624-04/lib/libCore.so
#15 0x00001482df64846d in TDirectoryFile::Write(char const*, int, int) () from /cvmfs/eel.gsi.de/debian10-x86_64/root/624-04/lib/libRIO.so
#16 0x00001482df64846d in TDirectoryFile::Write(char const*, int, int) () from /cvmfs/eel.gsi.de/debian10-x86_64/root/624-04/lib/libRIO.so
#17 0x00001482df64846d in TDirectoryFile::Write(char const*, int, int) () from /cvmfs/eel.gsi.de/debian10-x86_64/root/624-04/lib/libRIO.so
#18 0x00001482df64846d in TDirectoryFile::Write(char const*, int, int) () from /cvmfs/eel.gsi.de/debian10-x86_64/root/624-04/lib/libRIO.so
#19 0x00001482df64846d in TDirectoryFile::Write(char const*, int, int) () from /cvmfs/eel.gsi.de/debian10-x86_64/root/624-04/lib/libRIO.so
#20 0x00001482df6671ad in TFile::Write(char const*, int, int) () from /cvmfs/eel.gsi.de/debian10-x86_64/root/624-04/lib/libRIO.so
#21 0x00001482e00fb3a7 in TGo4AnalysisObjectManager::SaveObjects(TFile*) () from /cvmfs/eel.gsi.de/debian10-x86_64/go4/602-00/lib/libGo4Analysis.so
#22 0x00001482e00ed135 in TGo4Analysis::AutoSave() () from /cvmfs/eel.gsi.de/debian10-x86_64/go4/602-00/lib/libGo4Analysis.so
#23 0x00001482e00ecbec in TGo4Analysis::CloseAnalysis() () from /cvmfs/eel.gsi.de/debian10-x86_64/go4/602-00/lib/libGo4Analysis.so
#24 0x00001482e00ea3f7 in TGo4Analysis::~TGo4Analysis() () from /cvmfs/eel.gsi.de/debian10-x86_64/go4/602-00/lib/libGo4Analysis.so
#25 0x00001482cc0720d9 in DESPECAnalysis::~DESPECAnalysis (this=0x560428bc8dc0, __in_chrg=<optimized out>) at DESPECAnalysis.cxx:201
#26 0x0000560423c76886 in main ()
===========================================================


The lines below might hint at the cause of the crash.
You may get help by asking at the ROOT forum https://root.cern.ch/forum
Only if you are really convinced it is a bug in ROOT then please submit a
report at https://root.cern.ch/bugs Please post the ENTIRE stack trace
from above as an attachment in addition to anything else
that might help us fixing this issue.
===========================================================
#5  0x00001482d9dabe74 in TClingBaseClassInfo::IsValid() const () from /cvmfs/eel.gsi.de/debian10-x86_64/root/624-04/lib/libCling.so
#6  0x00001482d9dabff9 in TClingBaseClassInfo::TmpltName() const () from /cvmfs/eel.gsi.de/debian10-x86_64/root/624-04/lib/libCling.so
#7  0x00001482dfb7f85a in TBaseClass::IsSTLContainer() () from /cvmfs/eel.gsi.de/debian10-x86_64/root/624-04/lib/libCore.so
#8  0x00001482dfb90934 in TClass::BuildRealData(void*, bool) () from /cvmfs/eel.gsi.de/debian10-x86_64/root/624-04/lib/libCore.so
#9  0x00001482dfb90958 in TClass::BuildRealData(void*, bool) () from /cvmfs/eel.gsi.de/debian10-x86_64/root/624-04/lib/libCore.so
#10 0x00001482df5fa40d in TBufferFile::WriteClassBuffer(TClass const*, void*) () from /cvmfs/eel.gsi.de/debian10-x86_64/root/624-04/lib/libRIO.so
#11 0x00001482df698ddc in TKey::TKey(TObject const*, char const*, int, TDirectory*) () from /cvmfs/eel.gsi.de/debian10-x86_64/root/624-04/lib/libRIO.so
#12 0x00001482df658705 in TFile::CreateKey(TDirectory*, TObject const*, char const*, int) () from /cvmfs/eel.gsi.de/debian10-x86_64/root/624-04/lib/libRIO.so
#13 0x00001482df649c28 in TDirectoryFile::WriteTObject(TObject const*, char const*, char const*, int) () from /cvmfs/eel.gsi.de/debian10-x86_64/root/624-04/lib/libRIO.so
#14 0x00001482dfad9298 in TObject::Write(char const*, int, int) const () from /cvmfs/eel.gsi.de/debian10-x86_64/root/624-04/lib/libCore.so
#15 0x00001482df64846d in TDirectoryFile::Write(char const*, int, int) () from /cvmfs/eel.gsi.de/debian10-x86_64/root/624-04/lib/libRIO.so
#16 0x00001482df64846d in TDirectoryFile::Write(char const*, int, int) () from /cvmfs/eel.gsi.de/debian10-x86_64/root/624-04/lib/libRIO.so
#17 0x00001482df64846d in TDirectoryFile::Write(char const*, int, int) () from /cvmfs/eel.gsi.de/debian10-x86_64/root/624-04/lib/libRIO.so
#18 0x00001482df64846d in TDirectoryFile::Write(char const*, int, int) () from /cvmfs/eel.gsi.de/debian10-x86_64/root/624-04/lib/libRIO.so
#19 0x00001482df64846d in TDirectoryFile::Write(char const*, int, int) () from /cvmfs/eel.gsi.de/debian10-x86_64/root/624-04/lib/libRIO.so
#20 0x00001482df6671ad in TFile::Write(char const*, int, int) () from /cvmfs/eel.gsi.de/debian10-x86_64/root/624-04/lib/libRIO.so
#21 0x00001482e00fb3a7 in TGo4AnalysisObjectManager::SaveObjects(TFile*) () from /cvmfs/eel.gsi.de/debian10-x86_64/go4/602-00/lib/libGo4Analysis.so
#22 0x00001482e00ed135 in TGo4Analysis::AutoSave() () from /cvmfs/eel.gsi.de/debian10-x86_64/go4/602-00/lib/libGo4Analysis.so
#23 0x00001482e00ecbec in TGo4Analysis::CloseAnalysis() () from /cvmfs/eel.gsi.de/debian10-x86_64/go4/602-00/lib/libGo4Analysis.so
#24 0x00001482e00ea3f7 in TGo4Analysis::~TGo4Analysis() () from /cvmfs/eel.gsi.de/debian10-x86_64/go4/602-00/lib/libGo4Analysis.so
#25 0x00001482cc0720d9 in DESPECAnalysis::~DESPECAnalysis (this=0x560428bc8dc0, __in_chrg=<optimized out>) at DESPECAnalysis.cxx:201
#26 0x0000560423c76886 in main ()
===========================================================


