
 *** Break *** segmentation violation



===========================================================
There was a crash.
This is the entire stack trace of all threads:
===========================================================
#0  0x00001475caebf2d7 in __GI___waitpid (pid=1444350, stat_loc=stat_loc
entry=0x7ffc45ebdb98, options=options
entry=0) at ../sysdeps/unix/sysv/linux/waitpid.c:30
#1  0x00001475cae3d70f in do_system (line=<optimized out>) at ../sysdeps/posix/system.c:149
#2  0x00001475cccceb23 in TUnixSystem::StackTrace() () from /cvmfs/eel.gsi.de/debian10-x86_64/root/624-04/lib/libCore.so
#3  0x00001475cccd1405 in TUnixSystem::DispatchSignals(ESignals) () from /cvmfs/eel.gsi.de/debian10-x86_64/root/624-04/lib/libCore.so
#4  <signal handler called>
#5  0x00001475c6e92eb1 in TClingBaseClassInfo::IsValid() const () from /cvmfs/eel.gsi.de/debian10-x86_64/root/624-04/lib/libCling.so
#6  0x00001475c6e93c35 in TClingBaseClassInfo::Property() const () from /cvmfs/eel.gsi.de/debian10-x86_64/root/624-04/lib/libCling.so
#7  0x00001475ccc66536 in TBaseClass::Property() const () from /cvmfs/eel.gsi.de/debian10-x86_64/root/624-04/lib/libCore.so
#8  0x00001475ccc66730 in TBaseClass::GetDelta() () from /cvmfs/eel.gsi.de/debian10-x86_64/root/624-04/lib/libCore.so
#9  0x00001475ccc6bc30 in TClass::GetBaseClassOffsetRecurse(TClass const*) () from /cvmfs/eel.gsi.de/debian10-x86_64/root/624-04/lib/libCore.so
#10 0x00001475ccc6ba3a in TClass::GetBaseClassOffsetRecurse(TClass const*) () from /cvmfs/eel.gsi.de/debian10-x86_64/root/624-04/lib/libCore.so
#11 0x00001475ccc6e172 in TClass::Property() const () from /cvmfs/eel.gsi.de/debian10-x86_64/root/624-04/lib/libCore.so
#12 0x00001475ccc6ddba in TClass::IsTObject() const () from /cvmfs/eel.gsi.de/debian10-x86_64/root/624-04/lib/libCore.so
#13 0x00001475ccc6f641 in TClass::SetRuntimeProperties() () from /cvmfs/eel.gsi.de/debian10-x86_64/root/624-04/lib/libCore.so
#14 0x00001475ccc6f865 in ROOT::Internal::HasConsistentHashMember(TClass&) () from /cvmfs/eel.gsi.de/debian10-x86_64/root/624-04/lib/libCore.so
#15 0x00001475cc36c318 in TH1D::CheckTObjectHashConsistency() const () from /cvmfs/eel.gsi.de/debian10-x86_64/root/624-04/lib/libHist.so
#16 0x00001475ccc2d7ad in THashTable::Add(TObject*) () from /cvmfs/eel.gsi.de/debian10-x86_64/root/624-04/lib/libCore.so
#17 0x00001475ccc2a3bc in THashList::AddLast(TObject*) () from /cvmfs/eel.gsi.de/debian10-x86_64/root/624-04/lib/libCore.so
#18 0x00001475ccba3cd1 in TDirectory::Append(TObject*, bool) () from /cvmfs/eel.gsi.de/debian10-x86_64/root/624-04/lib/libCore.so
#19 0x00001475cc73017e in TDirectoryFile::Append(TObject*, bool) () from /cvmfs/eel.gsi.de/debian10-x86_64/root/624-04/lib/libRIO.so
#20 0x00001475cd1e4bb8 in TGo4AnalysisObjectManager::AppendToDir(TObject*, TDirectory*) () from /cvmfs/eel.gsi.de/debian10-x86_64/go4/602-00/lib/libGo4Analysis.so
#21 0x00001475cd1e4b19 in TGo4AnalysisObjectManager::SaveFolder(TFolder*) () from /cvmfs/eel.gsi.de/debian10-x86_64/go4/602-00/lib/libGo4Analysis.so
#22 0x00001475cd1e4a93 in TGo4AnalysisObjectManager::SaveFolder(TFolder*) () from /cvmfs/eel.gsi.de/debian10-x86_64/go4/602-00/lib/libGo4Analysis.so
#23 0x00001475cd1e4a93 in TGo4AnalysisObjectManager::SaveFolder(TFolder*) () from /cvmfs/eel.gsi.de/debian10-x86_64/go4/602-00/lib/libGo4Analysis.so
#24 0x00001475cd1e4a93 in TGo4AnalysisObjectManager::SaveFolder(TFolder*) () from /cvmfs/eel.gsi.de/debian10-x86_64/go4/602-00/lib/libGo4Analysis.so
#25 0x00001475cd1e4a93 in TGo4AnalysisObjectManager::SaveFolder(TFolder*) () from /cvmfs/eel.gsi.de/debian10-x86_64/go4/602-00/lib/libGo4Analysis.so
#26 0x00001475cd1e2382 in TGo4AnalysisObjectManager::SaveObjects(TFile*) () from /cvmfs/eel.gsi.de/debian10-x86_64/go4/602-00/lib/libGo4Analysis.so
#27 0x00001475cd1d4135 in TGo4Analysis::AutoSave() () from /cvmfs/eel.gsi.de/debian10-x86_64/go4/602-00/lib/libGo4Analysis.so
#28 0x00001475cd1d3bec in TGo4Analysis::CloseAnalysis() () from /cvmfs/eel.gsi.de/debian10-x86_64/go4/602-00/lib/libGo4Analysis.so
#29 0x00001475cd1d13f7 in TGo4Analysis::~TGo4Analysis() () from /cvmfs/eel.gsi.de/debian10-x86_64/go4/602-00/lib/libGo4Analysis.so
#30 0x00001475b91590d9 in DESPECAnalysis::~DESPECAnalysis (this=0x560f3130cdd0, __in_chrg=<optimized out>) at DESPECAnalysis.cxx:201
#31 0x0000560f2c3bf886 in main ()
===========================================================


The lines below might hint at the cause of the crash.
You may get help by asking at the ROOT forum https://root.cern.ch/forum
Only if you are really convinced it is a bug in ROOT then please submit a
report at https://root.cern.ch/bugs Please post the ENTIRE stack trace
from above as an attachment in addition to anything else
that might help us fixing this issue.
===========================================================
#5  0x00001475c6e92eb1 in TClingBaseClassInfo::IsValid() const () from /cvmfs/eel.gsi.de/debian10-x86_64/root/624-04/lib/libCling.so
#6  0x00001475c6e93c35 in TClingBaseClassInfo::Property() const () from /cvmfs/eel.gsi.de/debian10-x86_64/root/624-04/lib/libCling.so
#7  0x00001475ccc66536 in TBaseClass::Property() const () from /cvmfs/eel.gsi.de/debian10-x86_64/root/624-04/lib/libCore.so
#8  0x00001475ccc66730 in TBaseClass::GetDelta() () from /cvmfs/eel.gsi.de/debian10-x86_64/root/624-04/lib/libCore.so
#9  0x00001475ccc6bc30 in TClass::GetBaseClassOffsetRecurse(TClass const*) () from /cvmfs/eel.gsi.de/debian10-x86_64/root/624-04/lib/libCore.so
#10 0x00001475ccc6ba3a in TClass::GetBaseClassOffsetRecurse(TClass const*) () from /cvmfs/eel.gsi.de/debian10-x86_64/root/624-04/lib/libCore.so
#11 0x00001475ccc6e172 in TClass::Property() const () from /cvmfs/eel.gsi.de/debian10-x86_64/root/624-04/lib/libCore.so
#12 0x00001475ccc6ddba in TClass::IsTObject() const () from /cvmfs/eel.gsi.de/debian10-x86_64/root/624-04/lib/libCore.so
#13 0x00001475ccc6f641 in TClass::SetRuntimeProperties() () from /cvmfs/eel.gsi.de/debian10-x86_64/root/624-04/lib/libCore.so
#14 0x00001475ccc6f865 in ROOT::Internal::HasConsistentHashMember(TClass&) () from /cvmfs/eel.gsi.de/debian10-x86_64/root/624-04/lib/libCore.so
#15 0x00001475cc36c318 in TH1D::CheckTObjectHashConsistency() const () from /cvmfs/eel.gsi.de/debian10-x86_64/root/624-04/lib/libHist.so
#16 0x00001475ccc2d7ad in THashTable::Add(TObject*) () from /cvmfs/eel.gsi.de/debian10-x86_64/root/624-04/lib/libCore.so
#17 0x00001475ccc2a3bc in THashList::AddLast(TObject*) () from /cvmfs/eel.gsi.de/debian10-x86_64/root/624-04/lib/libCore.so
#18 0x00001475ccba3cd1 in TDirectory::Append(TObject*, bool) () from /cvmfs/eel.gsi.de/debian10-x86_64/root/624-04/lib/libCore.so
#19 0x00001475cc73017e in TDirectoryFile::Append(TObject*, bool) () from /cvmfs/eel.gsi.de/debian10-x86_64/root/624-04/lib/libRIO.so
#20 0x00001475cd1e4bb8 in TGo4AnalysisObjectManager::AppendToDir(TObject*, TDirectory*) () from /cvmfs/eel.gsi.de/debian10-x86_64/go4/602-00/lib/libGo4Analysis.so
#21 0x00001475cd1e4b19 in TGo4AnalysisObjectManager::SaveFolder(TFolder*) () from /cvmfs/eel.gsi.de/debian10-x86_64/go4/602-00/lib/libGo4Analysis.so
#22 0x00001475cd1e4a93 in TGo4AnalysisObjectManager::SaveFolder(TFolder*) () from /cvmfs/eel.gsi.de/debian10-x86_64/go4/602-00/lib/libGo4Analysis.so
#23 0x00001475cd1e4a93 in TGo4AnalysisObjectManager::SaveFolder(TFolder*) () from /cvmfs/eel.gsi.de/debian10-x86_64/go4/602-00/lib/libGo4Analysis.so
#24 0x00001475cd1e4a93 in TGo4AnalysisObjectManager::SaveFolder(TFolder*) () from /cvmfs/eel.gsi.de/debian10-x86_64/go4/602-00/lib/libGo4Analysis.so
#25 0x00001475cd1e4a93 in TGo4AnalysisObjectManager::SaveFolder(TFolder*) () from /cvmfs/eel.gsi.de/debian10-x86_64/go4/602-00/lib/libGo4Analysis.so
#26 0x00001475cd1e2382 in TGo4AnalysisObjectManager::SaveObjects(TFile*) () from /cvmfs/eel.gsi.de/debian10-x86_64/go4/602-00/lib/libGo4Analysis.so
#27 0x00001475cd1d4135 in TGo4Analysis::AutoSave() () from /cvmfs/eel.gsi.de/debian10-x86_64/go4/602-00/lib/libGo4Analysis.so
#28 0x00001475cd1d3bec in TGo4Analysis::CloseAnalysis() () from /cvmfs/eel.gsi.de/debian10-x86_64/go4/602-00/lib/libGo4Analysis.so
#29 0x00001475cd1d13f7 in TGo4Analysis::~TGo4Analysis() () from /cvmfs/eel.gsi.de/debian10-x86_64/go4/602-00/lib/libGo4Analysis.so
#30 0x00001475b91590d9 in DESPECAnalysis::~DESPECAnalysis (this=0x560f3130cdd0, __in_chrg=<optimized out>) at DESPECAnalysis.cxx:201
#31 0x0000560f2c3bf886 in main ()
===========================================================


/var/spool/slurm/d/job15313075/slurm_script: line 27: 1439265 Segmentation fault      (core dumped) go4analysis -file ${part[*]} -enable-asf 1800 -asf /lustre/gamma/DESPEC_NOV23_NEARLINE/Cluster_Submission/Nearline_Histograms/implanttest1_${SLURM_ARRAY_TASK_ID}.root
