Start Singularity container /cvmfs/vae.gsi.de/vae22/containers/vae22-user_container_20230811T0945.sif
Go4 version 602-00 enabled, path /cvmfs/eel.gsi.de/debian10-x86_64/go4/602-00
DESPEC Kronos Started at Tue 28 Nov 2023 09:17:59 AM CET
Analysing 2 Files
Array is 2
Running Go4!
GO4-*> Reading library: libGo4UserAnalysis  
GO4-*> Find user analysis class DESPECAnalysis  
GO4-*> !!! Find constructor with prototype DESPECAnalysis::DESPECAnalysis(int, char**)  
GO4-*> Process: new DESPECAnalysis(1, (char**)0x7ffd08a2ace0)  
GO4-*> Welcome to Go4 Analysis Framework Release v6.2.0 (build 60200) !  
**** DESPECAnalysis: Create Go4Analysis
GO4-*> Analysis: Added analysis step Unpack  
GO4-*> Analysis: Added analysis step Analysis  
MHTDC_OR_TAC 0
GO4-*> Analysis: Added analysis step Correlations  
CalibParameter - reading calibration from: Plastic_TAMEX_Energy_Calibration.txt
Reading Calib Parameters from BB7_FEBEX_Energy_Calibration_LowE.txt
Reading Calib Parameters from BB7_FEBEX_Energy_Calibration_HighE.txt
Reading Calib Parameters from BB7_TWINPEAKS_Energy_Calibration_LowE.txt!
CorrelParameter - reading from Configuration_Files/DESPEC_General_Setup/Correlations_config.datset MUSIC parameters
GO4-*> Set tree file size limit to 100000000000 bytes  
GO4-*> Main: starting analysis in batch mode ...    
GO4-*> Analysis LoadObjects: AUTOSAVE file is DISABLED, did NOT read objects back from file Go4AnalysisASF.root  
