
 *** Break *** segmentation violation



===========================================================
There was a crash.
This is the entire stack trace of all threads:
===========================================================
#0  0x0000151cdd82c2d7 in __GI___waitpid (pid=3771596, stat_loc=stat_loc
entry=0x7ffd58b3d758, options=options
entry=0) at ../sysdeps/unix/sysv/linux/waitpid.c:30
#1  0x0000151cdd7aa70f in do_system (line=<optimized out>) at ../sysdeps/posix/system.c:149
#2  0x0000151cdf63bb23 in TUnixSystem::StackTrace() () from /cvmfs/eel.gsi.de/debian10-x86_64/root/624-04/lib/libCore.so
#3  0x0000151cdf63e405 in TUnixSystem::DispatchSignals(ESignals) () from /cvmfs/eel.gsi.de/debian10-x86_64/root/624-04/lib/libCore.so
#4  <signal handler called>
#5  0x0000151ccbaae04b in EventUnpackProc::Fill_AIDA_Histos (this=0x56519713d210) at /usr/include/c++/8/bits/stl_vector.h:930
#6  0x0000151ccbaaf063 in EventUnpackProc::FILL_HISTOGRAMS (this=this
entry=0x56519713d210, PrcID_Conv=PrcID_Conv
entry=1, PrcID=PrcID
entry=90, SubType=SubType
entry=1, fOutput=fOutput
entry=0x5651b9b9a4c0) at EventUnpackProc.cxx:1576
#7  0x0000151ccbaaf553 in EventUnpackProc::BuildEvent (this=<optimized out>, dest=<optimized out>) at EventUnpackProc.cxx:488
#8  0x0000151cdfb2b9de in TGo4EventElement::Fill() () from /cvmfs/eel.gsi.de/debian10-x86_64/go4/602-00/lib/libGo4Analysis.so
#9  0x0000151cdfb540c0 in TGo4AnalysisStep::Process() () from /cvmfs/eel.gsi.de/debian10-x86_64/go4/602-00/lib/libGo4Analysis.so
#10 0x0000151cdfb572c4 in TGo4AnalysisStepManager::ProcessAnalysisSteps() () from /cvmfs/eel.gsi.de/debian10-x86_64/go4/602-00/lib/libGo4Analysis.so
#11 0x0000151cdfb42b88 in TGo4Analysis::ProcessAnalysisSteps() () from /cvmfs/eel.gsi.de/debian10-x86_64/go4/602-00/lib/libGo4Analysis.so
#12 0x0000151cdfb3e8ec in TGo4Analysis::MainCycle() () from /cvmfs/eel.gsi.de/debian10-x86_64/go4/602-00/lib/libGo4Analysis.so
#13 0x0000151cdfb3f94f in TGo4Analysis::RunImplicitLoop(int, bool, double, bool) () from /cvmfs/eel.gsi.de/debian10-x86_64/go4/602-00/lib/libGo4Analysis.so
#14 0x00005651930ce868 in main ()
===========================================================


The lines below might hint at the cause of the crash.
You may get help by asking at the ROOT forum https://root.cern.ch/forum
Only if you are really convinced it is a bug in ROOT then please submit a
report at https://root.cern.ch/bugs Please post the ENTIRE stack trace
from above as an attachment in addition to anything else
that might help us fixing this issue.
===========================================================
#5  0x0000151ccbaae04b in EventUnpackProc::Fill_AIDA_Histos (this=0x56519713d210) at /usr/include/c++/8/bits/stl_vector.h:930
#6  0x0000151ccbaaf063 in EventUnpackProc::FILL_HISTOGRAMS (this=this
entry=0x56519713d210, PrcID_Conv=PrcID_Conv
entry=1, PrcID=PrcID
entry=90, SubType=SubType
entry=1, fOutput=fOutput
entry=0x5651b9b9a4c0) at EventUnpackProc.cxx:1576
#7  0x0000151ccbaaf553 in EventUnpackProc::BuildEvent (this=<optimized out>, dest=<optimized out>) at EventUnpackProc.cxx:488
#8  0x0000151cdfb2b9de in TGo4EventElement::Fill() () from /cvmfs/eel.gsi.de/debian10-x86_64/go4/602-00/lib/libGo4Analysis.so
#9  0x0000151cdfb540c0 in TGo4AnalysisStep::Process() () from /cvmfs/eel.gsi.de/debian10-x86_64/go4/602-00/lib/libGo4Analysis.so
#10 0x0000151cdfb572c4 in TGo4AnalysisStepManager::ProcessAnalysisSteps() () from /cvmfs/eel.gsi.de/debian10-x86_64/go4/602-00/lib/libGo4Analysis.so
#11 0x0000151cdfb42b88 in TGo4Analysis::ProcessAnalysisSteps() () from /cvmfs/eel.gsi.de/debian10-x86_64/go4/602-00/lib/libGo4Analysis.so
#12 0x0000151cdfb3e8ec in TGo4Analysis::MainCycle() () from /cvmfs/eel.gsi.de/debian10-x86_64/go4/602-00/lib/libGo4Analysis.so
#13 0x0000151cdfb3f94f in TGo4Analysis::RunImplicitLoop(int, bool, double, bool) () from /cvmfs/eel.gsi.de/debian10-x86_64/go4/602-00/lib/libGo4Analysis.so
#14 0x00005651930ce868 in main ()
===========================================================


/var/spool/slurm/d/job15313069/slurm_script: line 27: 3758287 Segmentation fault      (core dumped) go4analysis -file ${part[*]} -enable-asf 1800 -asf /lustre/gamma/DESPEC_NOV23_NEARLINE/Cluster_Submission/Nearline_Histograms/implanttest1_${SLURM_ARRAY_TASK_ID}.root
