
 *** Break *** segmentation violation



===========================================================
There was a crash.
This is the entire stack trace of all threads:
===========================================================
#0  0x000014b558de02d7 in __GI___waitpid (pid=2594418, stat_loc=stat_loc
entry=0x7fffdcb3af98, options=options
entry=0) at ../sysdeps/unix/sysv/linux/waitpid.c:30
#1  0x000014b558d5e70f in do_system (line=<optimized out>) at ../sysdeps/posix/system.c:149
#2  0x000014b55abefb23 in TUnixSystem::StackTrace() () from /cvmfs/eel.gsi.de/debian10-x86_64/root/624-04/lib/libCore.so
#3  0x000014b55abf2405 in TUnixSystem::DispatchSignals(ESignals) () from /cvmfs/eel.gsi.de/debian10-x86_64/root/624-04/lib/libCore.so
#4  <signal handler called>
#5  0x000014b54706204b in EventUnpackProc::Fill_AIDA_Histos (this=0x55d695ee61c0) at /usr/include/c++/8/bits/stl_vector.h:930
#6  0x000014b547063063 in EventUnpackProc::FILL_HISTOGRAMS (this=this
entry=0x55d695ee61c0, PrcID_Conv=PrcID_Conv
entry=1, PrcID=PrcID
entry=90, SubType=SubType
entry=1, fOutput=fOutput
entry=0x55d6b8943280) at EventUnpackProc.cxx:1576
#7  0x000014b547063553 in EventUnpackProc::BuildEvent (this=<optimized out>, dest=<optimized out>) at EventUnpackProc.cxx:488
#8  0x000014b55b0df9de in TGo4EventElement::Fill() () from /cvmfs/eel.gsi.de/debian10-x86_64/go4/602-00/lib/libGo4Analysis.so
#9  0x000014b55b1080c0 in TGo4AnalysisStep::Process() () from /cvmfs/eel.gsi.de/debian10-x86_64/go4/602-00/lib/libGo4Analysis.so
#10 0x000014b55b10b2c4 in TGo4AnalysisStepManager::ProcessAnalysisSteps() () from /cvmfs/eel.gsi.de/debian10-x86_64/go4/602-00/lib/libGo4Analysis.so
#11 0x000014b55b0f6b88 in TGo4Analysis::ProcessAnalysisSteps() () from /cvmfs/eel.gsi.de/debian10-x86_64/go4/602-00/lib/libGo4Analysis.so
#12 0x000014b55b0f28ec in TGo4Analysis::MainCycle() () from /cvmfs/eel.gsi.de/debian10-x86_64/go4/602-00/lib/libGo4Analysis.so
#13 0x000014b55b0f394f in TGo4Analysis::RunImplicitLoop(int, bool, double, bool) () from /cvmfs/eel.gsi.de/debian10-x86_64/go4/602-00/lib/libGo4Analysis.so
#14 0x000055d692685868 in main ()
===========================================================


The lines below might hint at the cause of the crash.
You may get help by asking at the ROOT forum https://root.cern.ch/forum
Only if you are really convinced it is a bug in ROOT then please submit a
report at https://root.cern.ch/bugs Please post the ENTIRE stack trace
from above as an attachment in addition to anything else
that might help us fixing this issue.
===========================================================
#5  0x000014b54706204b in EventUnpackProc::Fill_AIDA_Histos (this=0x55d695ee61c0) at /usr/include/c++/8/bits/stl_vector.h:930
#6  0x000014b547063063 in EventUnpackProc::FILL_HISTOGRAMS (this=this
entry=0x55d695ee61c0, PrcID_Conv=PrcID_Conv
entry=1, PrcID=PrcID
entry=90, SubType=SubType
entry=1, fOutput=fOutput
entry=0x55d6b8943280) at EventUnpackProc.cxx:1576
#7  0x000014b547063553 in EventUnpackProc::BuildEvent (this=<optimized out>, dest=<optimized out>) at EventUnpackProc.cxx:488
#8  0x000014b55b0df9de in TGo4EventElement::Fill() () from /cvmfs/eel.gsi.de/debian10-x86_64/go4/602-00/lib/libGo4Analysis.so
#9  0x000014b55b1080c0 in TGo4AnalysisStep::Process() () from /cvmfs/eel.gsi.de/debian10-x86_64/go4/602-00/lib/libGo4Analysis.so
#10 0x000014b55b10b2c4 in TGo4AnalysisStepManager::ProcessAnalysisSteps() () from /cvmfs/eel.gsi.de/debian10-x86_64/go4/602-00/lib/libGo4Analysis.so
#11 0x000014b55b0f6b88 in TGo4Analysis::ProcessAnalysisSteps() () from /cvmfs/eel.gsi.de/debian10-x86_64/go4/602-00/lib/libGo4Analysis.so
#12 0x000014b55b0f28ec in TGo4Analysis::MainCycle() () from /cvmfs/eel.gsi.de/debian10-x86_64/go4/602-00/lib/libGo4Analysis.so
#13 0x000014b55b0f394f in TGo4Analysis::RunImplicitLoop(int, bool, double, bool) () from /cvmfs/eel.gsi.de/debian10-x86_64/go4/602-00/lib/libGo4Analysis.so
#14 0x000055d692685868 in main ()
===========================================================


/var/spool/slurm/d/job15312861/slurm_script: line 27: 2470091 Segmentation fault      (core dumped) go4analysis -file ${part[*]} -enable-asf 1800 -asf /lustre/gamma/DESPEC_NOV23_NEARLINE/Cluster_Submission/Nearline_Histograms/implanttest1_${SLURM_ARRAY_TASK_ID}.root
